
> kidokool-lms@0.1.0 build
> next build

   ▲ Next.js 15.3.3
   - Environments: .env.local, .env

   Creating an optimized production build ...
Failed to compile.

./app/(public)/courses/[slug]/page.tsx
Error:   [31mx[0m Unexpected token `div`. Expected jsx identifier
    ,-[[36;1;4m/Users/sanket/Downloads/LMS-M/marshal-lms/app/(public)/courses/[slug]/page.tsx[0m:35:1]
 [2m32[0m |   const isEnrolled = await checkIfCourseBought(course.id);
 [2m33[0m | 
 [2m34[0m |   return (
 [2m35[0m |     <div className="mt-5 space-y-8">
    : [35;1m     ^^^[0m
 [2m36[0m |       {/* Breadcrumb */}
 [2m37[0m |       <div className="flex items-center space-x-2 text-sm text-muted-foreground">
 [2m38[0m |         <Link href="/" className="hover:text-primary">Home</Link>
    `----

Caused by:
    Syntax Error

Import trace for requested module:
./app/(public)/courses/[slug]/page.tsx


> Build failed because of webpack errors
